Analysis & Synthesis report for CPU
Sun Jun 16 17:48:18 2019
Quartus Prime Version 18.1.0 Build 625 09/12/2018 SJ Lite Edition


---------------------
; Table of Contents ;
---------------------
  1. Legal Notice
  2. Analysis & Synthesis Summary
  3. Analysis & Synthesis Settings
  4. Parallel Compilation
  5. Analysis & Synthesis Source Files Read
  6. Analysis & Synthesis Resource Usage Summary
  7. Analysis & Synthesis Resource Utilization by Entity
  8. Registers Removed During Synthesis
  9. Removed Registers Triggering Further Register Optimizations
 10. General Register Statistics
 11. Parameter Settings for User Entity Instance: mips:mips|datapath:dp|flopr:pcreg
 12. Parameter Settings for User Entity Instance: mips:mips|datapath:dp|mux2:pcbrmux
 13. Parameter Settings for User Entity Instance: mips:mips|datapath:dp|mux2:pcmux
 14. Parameter Settings for User Entity Instance: mips:mips|datapath:dp|mux2:wrmux
 15. Parameter Settings for User Entity Instance: mips:mips|datapath:dp|mux2:resmux
 16. Parameter Settings for User Entity Instance: mips:mips|datapath:dp|mux2:srcbmux
 17. Port Connectivity Checks: "mips:mips|datapath:dp|mux2:pcmux"
 18. Port Connectivity Checks: "mips:mips|datapath:dp|adder:pcadd1"
 19. Port Connectivity Checks: "mips:mips"
 20. Post-Synthesis Netlist Statistics for Top Partition
 21. Elapsed Time Per Partition
 22. Analysis & Synthesis Messages



----------------
; Legal Notice ;
----------------
Copyright (C) 2018  Intel Corporation. All rights reserved.
Your use of Intel Corporation's design tools, logic functions 
and other software and tools, and its AMPP partner logic 
functions, and any output files from any of the foregoing 
(including device programming or simulation files), and any 
associated documentation or information are expressly subject 
to the terms and conditions of the Intel Program License 
Subscription Agreement, the Intel Quartus Prime License Agreement,
the Intel FPGA IP License Agreement, or other applicable license
agreement, including, without limitation, that your use is for
the sole purpose of programming logic devices manufactured by
Intel and sold by Intel or its authorized distributors.  Please
refer to the applicable agreement for further details.



+----------------------------------------------------------------------------------+
; Analysis & Synthesis Summary                                                     ;
+------------------------------------+---------------------------------------------+
; Analysis & Synthesis Status        ; Successful - Sun Jun 16 17:48:18 2019       ;
; Quartus Prime Version              ; 18.1.0 Build 625 09/12/2018 SJ Lite Edition ;
; Revision Name                      ; CPU                                         ;
; Top-level Entity Name              ; CPU                                         ;
; Family                             ; Cyclone IV E                                ;
; Total logic elements               ; 0                                           ;
;     Total combinational functions  ; 0                                           ;
;     Dedicated logic registers      ; 0                                           ;
; Total registers                    ; 0                                           ;
; Total pins                         ; 67                                          ;
; Total virtual pins                 ; 0                                           ;
; Total memory bits                  ; 0                                           ;
; Embedded Multiplier 9-bit elements ; 0                                           ;
; Total PLLs                         ; 0                                           ;
+------------------------------------+---------------------------------------------+


+------------------------------------------------------------------------------------------------------------+
; Analysis & Synthesis Settings                                                                              ;
+------------------------------------------------------------------+--------------------+--------------------+
; Option                                                           ; Setting            ; Default Value      ;
+------------------------------------------------------------------+--------------------+--------------------+
; Top-level entity name                                            ; CPU                ; CPU                ;
; Family name                                                      ; Cyclone IV E       ; Cyclone V          ;
; Use smart compilation                                            ; Off                ; Off                ;
; Enable parallel Assembler and Timing Analyzer during compilation ; On                 ; On                 ;
; Enable compact report table                                      ; Off                ; Off                ;
; Restructure Multiplexers                                         ; Auto               ; Auto               ;
; Create Debugging Nodes for IP Cores                              ; Off                ; Off                ;
; Preserve fewer node names                                        ; On                 ; On                 ;
; Intel FPGA IP Evaluation Mode                                    ; Enable             ; Enable             ;
; Verilog Version                                                  ; Verilog_2001       ; Verilog_2001       ;
; VHDL Version                                                     ; VHDL_1993          ; VHDL_1993          ;
; State Machine Processing                                         ; Auto               ; Auto               ;
; Safe State Machine                                               ; Off                ; Off                ;
; Extract Verilog State Machines                                   ; On                 ; On                 ;
; Extract VHDL State Machines                                      ; On                 ; On                 ;
; Ignore Verilog initial constructs                                ; Off                ; Off                ;
; Iteration limit for constant Verilog loops                       ; 5000               ; 5000               ;
; Iteration limit for non-constant Verilog loops                   ; 250                ; 250                ;
; Add Pass-Through Logic to Inferred RAMs                          ; On                 ; On                 ;
; Infer RAMs from Raw Logic                                        ; On                 ; On                 ;
; Parallel Synthesis                                               ; On                 ; On                 ;
; DSP Block Balancing                                              ; Auto               ; Auto               ;
; NOT Gate Push-Back                                               ; On                 ; On                 ;
; Power-Up Don't Care                                              ; On                 ; On                 ;
; Remove Redundant Logic Cells                                     ; Off                ; Off                ;
; Remove Duplicate Registers                                       ; On                 ; On                 ;
; Ignore CARRY Buffers                                             ; Off                ; Off                ;
; Ignore CASCADE Buffers                                           ; Off                ; Off                ;
; Ignore GLOBAL Buffers                                            ; Off                ; Off                ;
; Ignore ROW GLOBAL Buffers                                        ; Off                ; Off                ;
; Ignore LCELL Buffers                                             ; Off                ; Off                ;
; Ignore SOFT Buffers                                              ; On                 ; On                 ;
; Limit AHDL Integers to 32 Bits                                   ; Off                ; Off                ;
; Optimization Technique                                           ; Balanced           ; Balanced           ;
; Carry Chain Length                                               ; 70                 ; 70                 ;
; Auto Carry Chains                                                ; On                 ; On                 ;
; Auto Open-Drain Pins                                             ; On                 ; On                 ;
; Perform WYSIWYG Primitive Resynthesis                            ; Off                ; Off                ;
; Auto ROM Replacement                                             ; On                 ; On                 ;
; Auto RAM Replacement                                             ; On                 ; On                 ;
; Auto DSP Block Replacement                                       ; On                 ; On                 ;
; Auto Shift Register Replacement                                  ; Auto               ; Auto               ;
; Allow Shift Register Merging across Hierarchies                  ; Auto               ; Auto               ;
; Auto Clock Enable Replacement                                    ; On                 ; On                 ;
; Strict RAM Replacement                                           ; Off                ; Off                ;
; Allow Synchronous Control Signals                                ; On                 ; On                 ;
; Force Use of Synchronous Clear Signals                           ; Off                ; Off                ;
; Auto RAM Block Balancing                                         ; On                 ; On                 ;
; Auto RAM to Logic Cell Conversion                                ; Off                ; Off                ;
; Auto Resource Sharing                                            ; Off                ; Off                ;
; Allow Any RAM Size For Recognition                               ; Off                ; Off                ;
; Allow Any ROM Size For Recognition                               ; Off                ; Off                ;
; Allow Any Shift Register Size For Recognition                    ; Off                ; Off                ;
; Use LogicLock Constraints during Resource Balancing              ; On                 ; On                 ;
; Ignore translate_off and synthesis_off directives                ; Off                ; Off                ;
; Timing-Driven Synthesis                                          ; On                 ; On                 ;
; Report Parameter Settings                                        ; On                 ; On                 ;
; Report Source Assignments                                        ; On                 ; On                 ;
; Report Connectivity Checks                                       ; On                 ; On                 ;
; Ignore Maximum Fan-Out Assignments                               ; Off                ; Off                ;
; Synchronization Register Chain Length                            ; 2                  ; 2                  ;
; Power Optimization During Synthesis                              ; Normal compilation ; Normal compilation ;
; HDL message level                                                ; Level2             ; Level2             ;
; Suppress Register Optimization Related Messages                  ; Off                ; Off                ;
; Number of Removed Registers Reported in Synthesis Report         ; 5000               ; 5000               ;
; Number of Swept Nodes Reported in Synthesis Report               ; 5000               ; 5000               ;
; Number of Inverted Registers Reported in Synthesis Report        ; 100                ; 100                ;
; Clock MUX Protection                                             ; On                 ; On                 ;
; Auto Gated Clock Conversion                                      ; Off                ; Off                ;
; Block Design Naming                                              ; Auto               ; Auto               ;
; SDC constraint protection                                        ; Off                ; Off                ;
; Synthesis Effort                                                 ; Auto               ; Auto               ;
; Shift Register Replacement - Allow Asynchronous Clear Signal     ; On                 ; On                 ;
; Pre-Mapping Resynthesis Optimization                             ; Off                ; Off                ;
; Analysis & Synthesis Message Level                               ; Medium             ; Medium             ;
; Disable Register Merging Across Hierarchies                      ; Auto               ; Auto               ;
; Resource Aware Inference For Block RAM                           ; On                 ; On                 ;
+------------------------------------------------------------------+--------------------+--------------------+


+------------------------------------------+
; Parallel Compilation                     ;
+----------------------------+-------------+
; Processors                 ; Number      ;
+----------------------------+-------------+
; Number detected on machine ; 4           ;
; Maximum allowed            ; 4           ;
;                            ;             ;
; Average used               ; 1.00        ;
; Maximum used               ; 1           ;
;                            ;             ;
; Usage by Processor         ; % Time Used ;
;     Processor 1            ; 100.0%      ;
+----------------------------+-------------+


+----------------------------------------------------------------------------------------------------------------------------------------------+
; Analysis & Synthesis Source Files Read                                                                                                       ;
+-----------------------------------------+-----------------+------------------------------+-----------------------------------------+---------+
; File Name with User-Entered Path        ; Used in Netlist ; File Type                    ; File Name with Absolute Path            ; Library ;
+-----------------------------------------+-----------------+------------------------------+-----------------------------------------+---------+
; ../CPU_src/CPU.sv                       ; yes             ; User SystemVerilog HDL File  ; D:/FPGA_project/CPU/CPU_src/CPU.sv      ;         ;
; /fpga_project/cpu/data_file/memfile.dat ; yes             ; Auto-Found Unspecified File  ; /fpga_project/cpu/data_file/memfile.dat ;         ;
+-----------------------------------------+-----------------+------------------------------+-----------------------------------------+---------+


+-------------------------------------------------------------------+
; Analysis & Synthesis Resource Usage Summary                       ;
+---------------------------------------------+---------------------+
; Resource                                    ; Usage               ;
+---------------------------------------------+---------------------+
;                                             ;                     ;
; Total combinational functions               ; 0                   ;
; Logic element usage by number of LUT inputs ;                     ;
;     -- 4 input functions                    ; 0                   ;
;     -- 3 input functions                    ; 0                   ;
;     -- <=2 input functions                  ; 0                   ;
;                                             ;                     ;
; Logic elements by mode                      ;                     ;
;     -- normal mode                          ; 0                   ;
;     -- arithmetic mode                      ; 0                   ;
;                                             ;                     ;
; Total registers                             ; 0                   ;
;     -- Dedicated logic registers            ; 0                   ;
;     -- I/O registers                        ; 0                   ;
;                                             ;                     ;
; I/O pins                                    ; 67                  ;
;                                             ;                     ;
; Embedded Multiplier 9-bit elements          ; 0                   ;
;                                             ;                     ;
; Maximum fan-out node                        ; writedata[0]~output ;
; Maximum fan-out                             ; 1                   ;
; Total fan-out                               ; 67                  ;
; Average fan-out                             ; 0.50                ;
+---------------------------------------------+---------------------+


+----------------------------------------------------------------------------------------------------------------------------------------------------------------------------------------------------------+
; Analysis & Synthesis Resource Utilization by Entity                                                                                                                                                      ;
+----------------------------+---------------------+---------------------------+-------------+--------------+---------+-----------+------+--------------+---------------------+-------------+--------------+
; Compilation Hierarchy Node ; Combinational ALUTs ; Dedicated Logic Registers ; Memory Bits ; DSP Elements ; DSP 9x9 ; DSP 18x18 ; Pins ; Virtual Pins ; Full Hierarchy Name ; Entity Name ; Library Name ;
+----------------------------+---------------------+---------------------------+-------------+--------------+---------+-----------+------+--------------+---------------------+-------------+--------------+
; |CPU                       ; 0 (0)               ; 0 (0)                     ; 0           ; 0            ; 0       ; 0         ; 67   ; 0            ; |CPU                ; CPU         ; work         ;
+----------------------------+---------------------+---------------------------+-------------+--------------+---------+-----------+------+--------------+---------------------+-------------+--------------+
Note: For table entries with two numbers listed, the numbers in parentheses indicate the number of resources of the given type used by the specific entity alone. The numbers listed outside of parentheses indicate the total resources of the given type used by the specific entity and all of its sub-entities in the hierarchy.


+-------------------------------------------------------------------------------------------------+
; Registers Removed During Synthesis                                                              ;
+--------------------------------------------+----------------------------------------------------+
; Register name                              ; Reason for Removal                                 ;
+--------------------------------------------+----------------------------------------------------+
; mips:mips|datapath:dp|flopr:pcreg|q[0]     ; Merged with mips:mips|datapath:dp|flopr:pcreg|q[1] ;
; mips:mips|datapath:dp|flopr:pcreg|q[1]     ; Stuck at GND due to stuck port data_in             ;
; mips:mips|datapath:dp|flopr:pcreg|q[2..31] ; Lost fanout                                        ;
; Total Number of Removed Registers = 32     ;                                                    ;
+--------------------------------------------+----------------------------------------------------+


+------------------------------------------------------------------------------------------------------------------------------------------------------+
; Removed Registers Triggering Further Register Optimizations                                                                                          ;
+----------------------------------------+---------------------------+---------------------------------------------------------------------------------+
; Register name                          ; Reason for Removal        ; Registers Removed due to This Register                                          ;
+----------------------------------------+---------------------------+---------------------------------------------------------------------------------+
; mips:mips|datapath:dp|flopr:pcreg|q[2] ; Lost Fanouts              ; mips:mips|datapath:dp|flopr:pcreg|q[3], mips:mips|datapath:dp|flopr:pcreg|q[4], ;
;                                        ;                           ; mips:mips|datapath:dp|flopr:pcreg|q[5], mips:mips|datapath:dp|flopr:pcreg|q[6]  ;
; mips:mips|datapath:dp|flopr:pcreg|q[1] ; Stuck at GND              ; mips:mips|datapath:dp|flopr:pcreg|q[24]                                         ;
;                                        ; due to stuck port data_in ;                                                                                 ;
+----------------------------------------+---------------------------+---------------------------------------------------------------------------------+


+------------------------------------------------------+
; General Register Statistics                          ;
+----------------------------------------------+-------+
; Statistic                                    ; Value ;
+----------------------------------------------+-------+
; Total registers                              ; 0     ;
; Number of registers using Synchronous Clear  ; 0     ;
; Number of registers using Synchronous Load   ; 0     ;
; Number of registers using Asynchronous Clear ; 0     ;
; Number of registers using Asynchronous Load  ; 0     ;
; Number of registers using Clock Enable       ; 0     ;
; Number of registers using Preset             ; 0     ;
+----------------------------------------------+-------+


+--------------------------------------------------------------------------------+
; Parameter Settings for User Entity Instance: mips:mips|datapath:dp|flopr:pcreg ;
+----------------+-------+-------------------------------------------------------+
; Parameter Name ; Value ; Type                                                  ;
+----------------+-------+-------------------------------------------------------+
; WIDTH          ; 32    ; Signed Integer                                        ;
+----------------+-------+-------------------------------------------------------+
Note: In order to hide this table in the UI and the text report file, please set the "Show Parameter Settings in Synthesis Report" option in "Analysis and Synthesis Settings -> More Settings" to "Off".


+---------------------------------------------------------------------------------+
; Parameter Settings for User Entity Instance: mips:mips|datapath:dp|mux2:pcbrmux ;
+----------------+-------+--------------------------------------------------------+
; Parameter Name ; Value ; Type                                                   ;
+----------------+-------+--------------------------------------------------------+
; WIDTH          ; 32    ; Signed Integer                                         ;
+----------------+-------+--------------------------------------------------------+
Note: In order to hide this table in the UI and the text report file, please set the "Show Parameter Settings in Synthesis Report" option in "Analysis and Synthesis Settings -> More Settings" to "Off".


+-------------------------------------------------------------------------------+
; Parameter Settings for User Entity Instance: mips:mips|datapath:dp|mux2:pcmux ;
+----------------+-------+------------------------------------------------------+
; Parameter Name ; Value ; Type                                                 ;
+----------------+-------+------------------------------------------------------+
; WIDTH          ; 32    ; Signed Integer                                       ;
+----------------+-------+------------------------------------------------------+
Note: In order to hide this table in the UI and the text report file, please set the "Show Parameter Settings in Synthesis Report" option in "Analysis and Synthesis Settings -> More Settings" to "Off".


+-------------------------------------------------------------------------------+
; Parameter Settings for User Entity Instance: mips:mips|datapath:dp|mux2:wrmux ;
+----------------+-------+------------------------------------------------------+
; Parameter Name ; Value ; Type                                                 ;
+----------------+-------+------------------------------------------------------+
; WIDTH          ; 5     ; Signed Integer                                       ;
+----------------+-------+------------------------------------------------------+
Note: In order to hide this table in the UI and the text report file, please set the "Show Parameter Settings in Synthesis Report" option in "Analysis and Synthesis Settings -> More Settings" to "Off".


+--------------------------------------------------------------------------------+
; Parameter Settings for User Entity Instance: mips:mips|datapath:dp|mux2:resmux ;
+----------------+-------+-------------------------------------------------------+
; Parameter Name ; Value ; Type                                                  ;
+----------------+-------+-------------------------------------------------------+
; WIDTH          ; 32    ; Signed Integer                                        ;
+----------------+-------+-------------------------------------------------------+
Note: In order to hide this table in the UI and the text report file, please set the "Show Parameter Settings in Synthesis Report" option in "Analysis and Synthesis Settings -> More Settings" to "Off".


+---------------------------------------------------------------------------------+
; Parameter Settings for User Entity Instance: mips:mips|datapath:dp|mux2:srcbmux ;
+----------------+-------+--------------------------------------------------------+
; Parameter Name ; Value ; Type                                                   ;
+----------------+-------+--------------------------------------------------------+
; WIDTH          ; 32    ; Signed Integer                                         ;
+----------------+-------+--------------------------------------------------------+
Note: In order to hide this table in the UI and the text report file, please set the "Show Parameter Settings in Synthesis Report" option in "Analysis and Synthesis Settings -> More Settings" to "Off".


+--------------------------------------------------------------+
; Port Connectivity Checks: "mips:mips|datapath:dp|mux2:pcmux" ;
+----------+-------+----------+--------------------------------+
; Port     ; Type  ; Severity ; Details                        ;
+----------+-------+----------+--------------------------------+
; d1[1..0] ; Input ; Info     ; Stuck at GND                   ;
+----------+-------+----------+--------------------------------+


+----------------------------------------------------------------+
; Port Connectivity Checks: "mips:mips|datapath:dp|adder:pcadd1" ;
+----------+-------+----------+----------------------------------+
; Port     ; Type  ; Severity ; Details                          ;
+----------+-------+----------+----------------------------------+
; b[31..3] ; Input ; Info     ; Stuck at GND                     ;
; b[1..0]  ; Input ; Info     ; Stuck at GND                     ;
; b[2]     ; Input ; Info     ; Stuck at VCC                     ;
+----------+-------+----------+----------------------------------+


+---------------------------------------------------------------------------------------------------------------------+
; Port Connectivity Checks: "mips:mips"                                                                               ;
+-----------+--------+----------+-------------------------------------------------------------------------------------+
; Port      ; Type   ; Severity ; Details                                                                             ;
+-----------+--------+----------+-------------------------------------------------------------------------------------+
; pc[31..8] ; Output ; Info     ; Connected to dangling logic. Logic that only feeds a dangling port will be removed. ;
; pc[1..0]  ; Output ; Info     ; Connected to dangling logic. Logic that only feeds a dangling port will be removed. ;
+-----------+--------+----------+-------------------------------------------------------------------------------------+


+-----------------------------------------------------+
; Post-Synthesis Netlist Statistics for Top Partition ;
+-----------------------+-----------------------------+
; Type                  ; Count                       ;
+-----------------------+-----------------------------+
; boundary_port         ; 67                          ;
; cycloneiii_lcell_comb ; 1                           ;
;     normal            ; 1                           ;
;         0 data inputs ; 1                           ;
;                       ;                             ;
; Max LUT depth         ; 0.00                        ;
; Average LUT depth     ; 0.00                        ;
+-----------------------+-----------------------------+


+-------------------------------+
; Elapsed Time Per Partition    ;
+----------------+--------------+
; Partition Name ; Elapsed Time ;
+----------------+--------------+
; Top            ; 00:00:00     ;
+----------------+--------------+


+-------------------------------+
; Analysis & Synthesis Messages ;
+-------------------------------+
Info: *******************************************************************
Info: Running Quartus Prime Analysis & Synthesis
    Info: Version 18.1.0 Build 625 09/12/2018 SJ Lite Edition
    Info: Processing started: Sun Jun 16 17:48:06 2019
Info: Command: quartus_map --read_settings_files=on --write_settings_files=off CPU -c CPU
Warning (18236): Number of processors has not been specified which may cause overloading on shared machines.  Set the global assignment NUM_PARALLEL_PROCESSORS in your QSF to an appropriate value for best performance.
Info (20030): Parallel compilation is enabled and will use 4 of the 4 processors detected
Info (12021): Found 15 design units, including 15 entities, in source file /fpga_project/cpu/cpu_src/cpu.sv
    Info (12023): Found entity 1: CPU File: D:/FPGA_project/CPU/CPU_src/CPU.sv Line: 43
    Info (12023): Found entity 2: dmem File: D:/FPGA_project/CPU/CPU_src/CPU.sv Line: 56
    Info (12023): Found entity 3: imem File: D:/FPGA_project/CPU/CPU_src/CPU.sv Line: 68
    Info (12023): Found entity 4: mips File: D:/FPGA_project/CPU/CPU_src/CPU.sv Line: 79
    Info (12023): Found entity 5: controller File: D:/FPGA_project/CPU/CPU_src/CPU.sv Line: 101
    Info (12023): Found entity 6: maindec File: D:/FPGA_project/CPU/CPU_src/CPU.sv Line: 119
    Info (12023): Found entity 7: aludec File: D:/FPGA_project/CPU/CPU_src/CPU.sv Line: 143
    Info (12023): Found entity 8: datapath File: D:/FPGA_project/CPU/CPU_src/CPU.sv Line: 162
    Info (12023): Found entity 9: regfile File: D:/FPGA_project/CPU/CPU_src/CPU.sv Line: 201
    Info (12023): Found entity 10: adder File: D:/FPGA_project/CPU/CPU_src/CPU.sv Line: 223
    Info (12023): Found entity 11: sl2 File: D:/FPGA_project/CPU/CPU_src/CPU.sv Line: 229
    Info (12023): Found entity 12: signext File: D:/FPGA_project/CPU/CPU_src/CPU.sv Line: 236
    Info (12023): Found entity 13: flopr File: D:/FPGA_project/CPU/CPU_src/CPU.sv Line: 242
    Info (12023): Found entity 14: mux2 File: D:/FPGA_project/CPU/CPU_src/CPU.sv Line: 252
    Info (12023): Found entity 15: alu File: D:/FPGA_project/CPU/CPU_src/CPU.sv Line: 260
Info (12127): Elaborating entity "CPU" for the top level hierarchy
Info (12128): Elaborating entity "mips" for hierarchy "mips:mips" File: D:/FPGA_project/CPU/CPU_src/CPU.sv Line: 51
Info (12128): Elaborating entity "controller" for hierarchy "mips:mips|controller:c" File: D:/FPGA_project/CPU/CPU_src/CPU.sv Line: 93
Info (12128): Elaborating entity "maindec" for hierarchy "mips:mips|controller:c|maindec:md" File: D:/FPGA_project/CPU/CPU_src/CPU.sv Line: 113
Info (12128): Elaborating entity "aludec" for hierarchy "mips:mips|controller:c|aludec:ad" File: D:/FPGA_project/CPU/CPU_src/CPU.sv Line: 114
Info (12128): Elaborating entity "datapath" for hierarchy "mips:mips|datapath:dp" File: D:/FPGA_project/CPU/CPU_src/CPU.sv Line: 98
Info (12128): Elaborating entity "flopr" for hierarchy "mips:mips|datapath:dp|flopr:pcreg" File: D:/FPGA_project/CPU/CPU_src/CPU.sv Line: 180
Info (12128): Elaborating entity "adder" for hierarchy "mips:mips|datapath:dp|adder:pcadd1" File: D:/FPGA_project/CPU/CPU_src/CPU.sv Line: 181
Info (12128): Elaborating entity "sl2" for hierarchy "mips:mips|datapath:dp|sl2:immsh" File: D:/FPGA_project/CPU/CPU_src/CPU.sv Line: 182
Info (12128): Elaborating entity "mux2" for hierarchy "mips:mips|datapath:dp|mux2:pcbrmux" File: D:/FPGA_project/CPU/CPU_src/CPU.sv Line: 184
Info (12128): Elaborating entity "regfile" for hierarchy "mips:mips|datapath:dp|regfile:rf" File: D:/FPGA_project/CPU/CPU_src/CPU.sv Line: 190
Info (12128): Elaborating entity "mux2" for hierarchy "mips:mips|datapath:dp|mux2:wrmux" File: D:/FPGA_project/CPU/CPU_src/CPU.sv Line: 192
Info (12128): Elaborating entity "signext" for hierarchy "mips:mips|datapath:dp|signext:se" File: D:/FPGA_project/CPU/CPU_src/CPU.sv Line: 194
Info (12128): Elaborating entity "alu" for hierarchy "mips:mips|datapath:dp|alu:alu" File: D:/FPGA_project/CPU/CPU_src/CPU.sv Line: 198
Info (12128): Elaborating entity "imem" for hierarchy "imem:imem" File: D:/FPGA_project/CPU/CPU_src/CPU.sv Line: 52
Warning (10850): Verilog HDL warning at CPU.sv(74): number of words (36) in memory file does not match the number of elements in the address range [0:63] File: D:/FPGA_project/CPU/CPU_src/CPU.sv Line: 74
Warning (10030): Net "RAM.data_a" at CPU.sv(71) has no driver or initial value, using a default initial value '0' File: D:/FPGA_project/CPU/CPU_src/CPU.sv Line: 71
Warning (10030): Net "RAM.waddr_a" at CPU.sv(71) has no driver or initial value, using a default initial value '0' File: D:/FPGA_project/CPU/CPU_src/CPU.sv Line: 71
Warning (10030): Net "RAM.we_a" at CPU.sv(71) has no driver or initial value, using a default initial value '0' File: D:/FPGA_project/CPU/CPU_src/CPU.sv Line: 71
Info (12128): Elaborating entity "dmem" for hierarchy "dmem:dmem" File: D:/FPGA_project/CPU/CPU_src/CPU.sv Line: 53
Info (276014): Found 2 instances of uninferred RAM logic
    Info (276007): RAM logic "mips:mips|datapath:dp|regfile:rf|rf" is uninferred due to asynchronous read logic File: D:/FPGA_project/CPU/CPU_src/CPU.sv Line: 207
    Info (276007): RAM logic "dmem:dmem|RAM" is uninferred due to asynchronous read logic File: D:/FPGA_project/CPU/CPU_src/CPU.sv Line: 60
Warning (127007): Memory Initialization File or Hexadecimal (Intel-Format) File "D:/FPGA_project/CPU/quartus_work/db/CPU.ram0_imem_37c714.hdl.mif" contains "don't care" values -- overwriting them with 0s
Warning (13024): Output pins are stuck at VCC or GND
    Warning (13410): Pin "writedata[0]" is stuck at GND File: D:/FPGA_project/CPU/CPU_src/CPU.sv Line: 44
    Warning (13410): Pin "writedata[1]" is stuck at GND File: D:/FPGA_project/CPU/CPU_src/CPU.sv Line: 44
    Warning (13410): Pin "writedata[2]" is stuck at GND File: D:/FPGA_project/CPU/CPU_src/CPU.sv Line: 44
    Warning (13410): Pin "writedata[3]" is stuck at GND File: D:/FPGA_project/CPU/CPU_src/CPU.sv Line: 44
    Warning (13410): Pin "writedata[4]" is stuck at GND File: D:/FPGA_project/CPU/CPU_src/CPU.sv Line: 44
    Warning (13410): Pin "writedata[5]" is stuck at GND File: D:/FPGA_project/CPU/CPU_src/CPU.sv Line: 44
    Warning (13410): Pin "writedata[6]" is stuck at GND File: D:/FPGA_project/CPU/CPU_src/CPU.sv Line: 44
    Warning (13410): Pin "writedata[7]" is stuck at GND File: D:/FPGA_project/CPU/CPU_src/CPU.sv Line: 44
    Warning (13410): Pin "writedata[8]" is stuck at GND File: D:/FPGA_project/CPU/CPU_src/CPU.sv Line: 44
    Warning (13410): Pin "writedata[9]" is stuck at GND File: D:/FPGA_project/CPU/CPU_src/CPU.sv Line: 44
    Warning (13410): Pin "writedata[10]" is stuck at GND File: D:/FPGA_project/CPU/CPU_src/CPU.sv Line: 44
    Warning (13410): Pin "writedata[11]" is stuck at GND File: D:/FPGA_project/CPU/CPU_src/CPU.sv Line: 44
    Warning (13410): Pin "writedata[12]" is stuck at GND File: D:/FPGA_project/CPU/CPU_src/CPU.sv Line: 44
    Warning (13410): Pin "writedata[13]" is stuck at GND File: D:/FPGA_project/CPU/CPU_src/CPU.sv Line: 44
    Warning (13410): Pin "writedata[14]" is stuck at GND File: D:/FPGA_project/CPU/CPU_src/CPU.sv Line: 44
    Warning (13410): Pin "writedata[15]" is stuck at GND File: D:/FPGA_project/CPU/CPU_src/CPU.sv Line: 44
    Warning (13410): Pin "writedata[16]" is stuck at GND File: D:/FPGA_project/CPU/CPU_src/CPU.sv Line: 44
    Warning (13410): Pin "writedata[17]" is stuck at GND File: D:/FPGA_project/CPU/CPU_src/CPU.sv Line: 44
    Warning (13410): Pin "writedata[18]" is stuck at GND File: D:/FPGA_project/CPU/CPU_src/CPU.sv Line: 44
    Warning (13410): Pin "writedata[19]" is stuck at GND File: D:/FPGA_project/CPU/CPU_src/CPU.sv Line: 44
    Warning (13410): Pin "writedata[20]" is stuck at GND File: D:/FPGA_project/CPU/CPU_src/CPU.sv Line: 44
    Warning (13410): Pin "writedata[21]" is stuck at GND File: D:/FPGA_project/CPU/CPU_src/CPU.sv Line: 44
    Warning (13410): Pin "writedata[22]" is stuck at GND File: D:/FPGA_project/CPU/CPU_src/CPU.sv Line: 44
    Warning (13410): Pin "writedata[23]" is stuck at GND File: D:/FPGA_project/CPU/CPU_src/CPU.sv Line: 44
    Warning (13410): Pin "writedata[24]" is stuck at GND File: D:/FPGA_project/CPU/CPU_src/CPU.sv Line: 44
    Warning (13410): Pin "writedata[25]" is stuck at GND File: D:/FPGA_project/CPU/CPU_src/CPU.sv Line: 44
    Warning (13410): Pin "writedata[26]" is stuck at GND File: D:/FPGA_project/CPU/CPU_src/CPU.sv Line: 44
    Warning (13410): Pin "writedata[27]" is stuck at GND File: D:/FPGA_project/CPU/CPU_src/CPU.sv Line: 44
    Warning (13410): Pin "writedata[28]" is stuck at GND File: D:/FPGA_project/CPU/CPU_src/CPU.sv Line: 44
    Warning (13410): Pin "writedata[29]" is stuck at GND File: D:/FPGA_project/CPU/CPU_src/CPU.sv Line: 44
    Warning (13410): Pin "writedata[30]" is stuck at GND File: D:/FPGA_project/CPU/CPU_src/CPU.sv Line: 44
    Warning (13410): Pin "writedata[31]" is stuck at GND File: D:/FPGA_project/CPU/CPU_src/CPU.sv Line: 44
    Warning (13410): Pin "dataadr[0]" is stuck at GND File: D:/FPGA_project/CPU/CPU_src/CPU.sv Line: 44
    Warning (13410): Pin "dataadr[1]" is stuck at GND File: D:/FPGA_project/CPU/CPU_src/CPU.sv Line: 44
    Warning (13410): Pin "dataadr[2]" is stuck at GND File: D:/FPGA_project/CPU/CPU_src/CPU.sv Line: 44
    Warning (13410): Pin "dataadr[3]" is stuck at GND File: D:/FPGA_project/CPU/CPU_src/CPU.sv Line: 44
    Warning (13410): Pin "dataadr[4]" is stuck at GND File: D:/FPGA_project/CPU/CPU_src/CPU.sv Line: 44
    Warning (13410): Pin "dataadr[5]" is stuck at GND File: D:/FPGA_project/CPU/CPU_src/CPU.sv Line: 44
    Warning (13410): Pin "dataadr[6]" is stuck at GND File: D:/FPGA_project/CPU/CPU_src/CPU.sv Line: 44
    Warning (13410): Pin "dataadr[7]" is stuck at GND File: D:/FPGA_project/CPU/CPU_src/CPU.sv Line: 44
    Warning (13410): Pin "dataadr[8]" is stuck at GND File: D:/FPGA_project/CPU/CPU_src/CPU.sv Line: 44
    Warning (13410): Pin "dataadr[9]" is stuck at GND File: D:/FPGA_project/CPU/CPU_src/CPU.sv Line: 44
    Warning (13410): Pin "dataadr[10]" is stuck at GND File: D:/FPGA_project/CPU/CPU_src/CPU.sv Line: 44
    Warning (13410): Pin "dataadr[11]" is stuck at GND File: D:/FPGA_project/CPU/CPU_src/CPU.sv Line: 44
    Warning (13410): Pin "dataadr[12]" is stuck at GND File: D:/FPGA_project/CPU/CPU_src/CPU.sv Line: 44
    Warning (13410): Pin "dataadr[13]" is stuck at GND File: D:/FPGA_project/CPU/CPU_src/CPU.sv Line: 44
    Warning (13410): Pin "dataadr[14]" is stuck at GND File: D:/FPGA_project/CPU/CPU_src/CPU.sv Line: 44
    Warning (13410): Pin "dataadr[15]" is stuck at GND File: D:/FPGA_project/CPU/CPU_src/CPU.sv Line: 44
    Warning (13410): Pin "dataadr[16]" is stuck at GND File: D:/FPGA_project/CPU/CPU_src/CPU.sv Line: 44
    Warning (13410): Pin "dataadr[17]" is stuck at GND File: D:/FPGA_project/CPU/CPU_src/CPU.sv Line: 44
    Warning (13410): Pin "dataadr[18]" is stuck at GND File: D:/FPGA_project/CPU/CPU_src/CPU.sv Line: 44
    Warning (13410): Pin "dataadr[19]" is stuck at GND File: D:/FPGA_project/CPU/CPU_src/CPU.sv Line: 44
    Warning (13410): Pin "dataadr[20]" is stuck at GND File: D:/FPGA_project/CPU/CPU_src/CPU.sv Line: 44
    Warning (13410): Pin "dataadr[21]" is stuck at GND File: D:/FPGA_project/CPU/CPU_src/CPU.sv Line: 44
    Warning (13410): Pin "dataadr[22]" is stuck at GND File: D:/FPGA_project/CPU/CPU_src/CPU.sv Line: 44
    Warning (13410): Pin "dataadr[23]" is stuck at GND File: D:/FPGA_project/CPU/CPU_src/CPU.sv Line: 44
    Warning (13410): Pin "dataadr[24]" is stuck at GND File: D:/FPGA_project/CPU/CPU_src/CPU.sv Line: 44
    Warning (13410): Pin "dataadr[25]" is stuck at GND File: D:/FPGA_project/CPU/CPU_src/CPU.sv Line: 44
    Warning (13410): Pin "dataadr[26]" is stuck at GND File: D:/FPGA_project/CPU/CPU_src/CPU.sv Line: 44
    Warning (13410): Pin "dataadr[27]" is stuck at GND File: D:/FPGA_project/CPU/CPU_src/CPU.sv Line: 44
    Warning (13410): Pin "dataadr[28]" is stuck at GND File: D:/FPGA_project/CPU/CPU_src/CPU.sv Line: 44
    Warning (13410): Pin "dataadr[29]" is stuck at GND File: D:/FPGA_project/CPU/CPU_src/CPU.sv Line: 44
    Warning (13410): Pin "dataadr[30]" is stuck at GND File: D:/FPGA_project/CPU/CPU_src/CPU.sv Line: 44
    Warning (13410): Pin "dataadr[31]" is stuck at GND File: D:/FPGA_project/CPU/CPU_src/CPU.sv Line: 44
    Warning (13410): Pin "memwrite" is stuck at GND File: D:/FPGA_project/CPU/CPU_src/CPU.sv Line: 45
Info (17049): 30 registers lost all their fanouts during netlist optimizations.
Info (16010): Generating hard_block partition "hard_block:auto_generated_inst"
    Info (16011): Adding 0 node(s), including 0 DDIO, 0 PLL, 0 transceiver and 0 LCELL
Warning (21074): Design contains 2 input pin(s) that do not drive logic
    Warning (15610): No output dependent on input pin "clk" File: D:/FPGA_project/CPU/CPU_src/CPU.sv Line: 43
    Warning (15610): No output dependent on input pin "reset" File: D:/FPGA_project/CPU/CPU_src/CPU.sv Line: 43
Info (21057): Implemented 67 device resources after synthesis - the final resource count might be different
    Info (21058): Implemented 2 input pins
    Info (21059): Implemented 65 output pins
Info: Quartus Prime Analysis & Synthesis was successful. 0 errors, 75 warnings
    Info: Peak virtual memory: 4755 megabytes
    Info: Processing ended: Sun Jun 16 17:48:18 2019
    Info: Elapsed time: 00:00:12
    Info: Total CPU time (on all processors): 00:00:25


